D:\C++练习\LIST容器\LIST容器\DEBUG\01 LIST容器-构造函数.OBJ
D:\C++练习\LIST容器\LIST容器\DEBUG\VC110.PDB
D:\C++练习\LIST容器\DEBUG\LIST容器.ILK
D:\C++练习\LIST容器\DEBUG\LIST容器.EXE
D:\C++练习\LIST容器\DEBUG\LIST容器.PDB
D:\c++练习\list容器\list容器\Debug\01 list容器-构造函数.obj
D:\c++练习\list容器\list容器\Debug\cl.command.1.tlog
D:\c++练习\list容器\list容器\Debug\CL.read.1.tlog
D:\c++练习\list容器\list容器\Debug\CL.write.1.tlog
D:\c++练习\list容器\list容器\Debug\link-cvtres.read.1.tlog
D:\c++练习\list容器\list容器\Debug\link-cvtres.write.1.tlog
D:\c++练习\list容器\list容器\Debug\link-rc.read.1.tlog
D:\c++练习\list容器\list容器\Debug\link-rc.write.1.tlog
D:\c++练习\list容器\list容器\Debug\link.8824-cvtres.read.1.tlog
D:\c++练习\list容器\list容器\Debug\link.8824-cvtres.write.1.tlog
D:\c++练习\list容器\list容器\Debug\link.8824-rc.read.1.tlog
D:\c++练习\list容器\list容器\Debug\link.8824-rc.write.1.tlog
D:\c++练习\list容器\list容器\Debug\link.8824.read.1.tlog
D:\c++练习\list容器\list容器\Debug\link.8824.write.1.tlog
D:\c++练习\list容器\list容器\Debug\link.command.1.tlog
D:\c++练习\list容器\list容器\Debug\link.read.1.tlog
D:\c++练习\list容器\list容器\Debug\link.write.1.tlog
D:\c++练习\list容器\list容器\Debug\vc110.idb
D:\c++练习\list容器\list容器\Debug\vc110.pdb
D:\c++练习\list容器\Debug\list容器.pdb
D:\c++练习\list容器\Debug\list容器.exe
D:\c++练习\list容器\Debug\list容器.ilk
