生成启动时间为 2021/7/21 9:04:06。
     1>项目“D:\c++练习\01 c++HelloWorld\01 c++HelloWorld\01 c++HelloWorld.vcxproj”在节点 2 上(Build 个目标)。
     1>ClCompile:
         C:\Program Files (x86)\Microsoft Visual Studio 11.0\VC\bin\CL.exe /c /ZI /nologo /W3 /WX- /sdl /Od /Oy- /D _MBCS /Gm /EHsc /RTC1 /MDd /GS /fp:precise /Zc:wchar_t /Zc:forScope /Fo"Debug\\" /Fd"Debug\vc110.pdb" /Gd /TP /analyze- /errorReport:prompt "01 c++HelloWorld.cpp" "03 变量.cpp" "04 常量.cpp" "05 关键字.cpp"
         05 关键字.cpp
         01 c++HelloWorld.cpp
         正在生成代码...
         正在跳过...(未检测到相关更改)
         04 常量.cpp
         03 变量.cpp
       Link:
         C:\Program Files (x86)\Microsoft Visual Studio 11.0\VC\bin\link.exe /ERRORREPORT:PROMPT /OUT:"D:\c++练习\01 c++HelloWorld\Debug\01 c++HelloWorld.exe" /INCREMENTAL /NOLOGO kernel32.lib user32.lib gdi32.lib winspool.lib comdlg32.lib advapi32.lib shell32.lib ole32.lib oleaut32.lib uuid.lib odbc32.lib odbccp32.lib /MANIFEST /MANIFESTUAC:"level='asInvoker' uiAccess='false'" /manifest:embed /DEBUG /PDB:"D:\c++练习\01 c++HelloWorld\Debug\01 c++HelloWorld.pdb" /TLBID:1 /DYNAMICBASE /NXCOMPAT /IMPLIB:"D:\c++练习\01 c++HelloWorld\Debug\01 c++HelloWorld.lib" /MACHINE:X86 "Debug\01 c++HelloWorld.obj"
         "Debug\02 注释.obj"
         "Debug\03 变量.obj"
         "Debug\04 常量.obj"
         "Debug\05 关键字.obj"
         01 c++HelloWorld.vcxproj -> D:\c++练习\01 c++HelloWorld\Debug\01 c++HelloWorld.exe
     1>已完成生成项目“D:\c++练习\01 c++HelloWorld\01 c++HelloWorld\01 c++HelloWorld.vcxproj”(Build 个目标)的操作。

生成成功。

已用时间 00:00:04.09
